# JRE version: OpenJDK Runtime Environment 18.9 (11.0.11+9) (build 11.0.11+9)
# Java VM: OpenJDK 64-Bit Server VM 18.9 (11.0.11+9, mixed mode, tiered, compressed oops, g1 gc, windows-amd64)
Heap:
 garbage-first heap   total 262144K, used 67070K [0x0000000740000000, 0x0000000800000000)
  region size 1024K, 4 young (4096K), 0 survivors (0K)
 Metaspace       used 61801K, capacity 63210K, committed 63440K, reserved 1103872K
  class space    used 7649K, capacity 8290K, committed 8320K, reserved 1048576K
GC Heap History (20 events):
Event: 4.712 GC heap before
{Heap before GC invocations=1 (full 0):
 garbage-first heap   total 262144K, used 57594K [0x0000000740000000, 0x0000000800000000)
  region size 1024K, 47 young (48128K), 8 survivors (8192K)
 Metaspace       used 20654K, capacity 21138K, committed 21296K, reserved 1069056K
  class space    used 1803K, capacity 2071K, committed 2176K, reserved 1048576K
}
Event: 4.728 GC heap after
{Heap after GC invocations=2 (full 0):
 garbage-first heap   total 262144K, used 24240K [0x0000000740000000, 0x0000000800000000)
  region size 1024K, 7 young (7168K), 7 survivors (7168K)
 Metaspace       used 20654K, capacity 21138K, committed 21296K, reserved 1069056K
  class space    used 1803K, capacity 2071K, committed 2176K, reserved 1048576K
}
Event: 8.058 GC heap before
{Heap before GC invocations=3 (full 0):
 garbage-first heap   total 262144K, used 85680K [0x0000000740000000, 0x0000000800000000)
  region size 1024K, 60 young (61440K), 7 survivors (7168K)
 Metaspace       used 31922K, capacity 32504K, committed 32688K, reserved 1079296K
  class space    used 3224K, capacity 3469K, committed 3584K, reserved 1048576K
}
Event: 8.072 GC heap after
{Heap after GC invocations=4 (full 0):
 garbage-first heap   total 262144K, used 35387K [0x0000000740000000, 0x0000000800000000)
  region size 1024K, 6 young (6144K), 6 survivors (6144K)
 Metaspace       used 31922K, capacity 32504K, committed 32688K, reserved 1079296K
  class space    used 3224K, capacity 3469K, committed 3584K, reserved 1048576K
}
Event: 8.536 GC heap before
{Heap before GC invocations=4 (full 0):
 garbage-first heap   total 262144K, used 90683K [0x0000000740000000, 0x0000000800000000)
  region size 1024K, 60 young (61440K), 6 survivors (6144K)
 Metaspace       used 32080K, capacity 32747K, committed 32944K, reserved 1079296K
  class space    used 3236K, capacity 3504K, committed 3584K, reserved 1048576K
}
Event: 8.543 GC heap after
{Heap after GC invocations=5 (full 0):
 garbage-first heap   total 262144K, used 34313K [0x0000000740000000, 0x0000000800000000)
  region size 1024K, 1 young (1024K), 1 survivors (1024K)
 Metaspace       used 32080K, capacity 32747K, committed 32944K, reserved 1079296K
  class space    used 3236K, capacity 3504K, committed 3584K, reserved 1048576K
}
Event: 9.801 GC heap before
{Heap before GC invocations=5 (full 0):
 garbage-first heap   total 262144K, used 69129K [0x0000000740000000, 0x0000000800000000)
  region size 1024K, 36 young (36864K), 1 survivors (1024K)
 Metaspace       used 35105K, capacity 35774K, committed 35920K, reserved 1081344K
  class space    used 3724K, capacity 3998K, committed 4096K, reserved 1048576K
}
Event: 9.806 GC heap after
{Heap after GC invocations=6 (full 0):
 garbage-first heap   total 262144K, used 34641K [0x0000000740000000, 0x0000000800000000)
  region size 1024K, 2 young (2048K), 2 survivors (2048K)
 Metaspace       used 35105K, capacity 35774K, committed 35920K, reserved 1081344K
  class space    used 3724K, capacity 3998K, committed 4096K, reserved 1048576K
}
Event: 15.067 GC heap before
{Heap before GC invocations=7 (full 0):
 garbage-first heap   total 262144K, used 93009K [0x0000000740000000, 0x0000000800000000)
  region size 1024K, 60 young (61440K), 2 survivors (2048K)
 Metaspace       used 43721K, capacity 44634K, committed 44880K, reserved 1089536K
  class space    used 4943K, capacity 5306K, committed 5376K, reserved 1048576K
}
Event: 15.079 GC heap after
{Heap after GC invocations=8 (full 0):
 garbage-first heap   total 262144K, used 39624K [0x0000000740000000, 0x0000000800000000)
  region size 1024K, 7 young (7168K), 7 survivors (7168K)
 Metaspace       used 43721K, capacity 44634K, committed 44880K, reserved 1089536K
  class space    used 4943K, capacity 5306K, committed 5376K, reserved 1048576K
}
Event: 21.964 GC heap before
{Heap before GC invocations=9 (full 0):
 garbage-first heap   total 262144K, used 92872K [0x0000000740000000, 0x0000000800000000)
  region size 1024K, 60 young (61440K), 7 survivors (7168K)
 Metaspace       used 49208K, capacity 50176K, committed 50384K, reserved 1093632K
  class space    used 5555K, capacity 5971K, committed 6016K, reserved 1048576K
}
Event: 21.982 GC heap after
{Heap after GC invocations=10 (full 0):
 garbage-first heap   total 262144K, used 46879K [0x0000000740000000, 0x0000000800000000)
  region size 1024K, 8 young (8192K), 8 survivors (8192K)
 Metaspace       used 49208K, capacity 50176K, committed 50384K, reserved 1093632K
  class space    used 5555K, capacity 5971K, committed 6016K, reserved 1048576K
}
Event: 24.764 GC heap before
{Heap before GC invocations=10 (full 0):
 garbage-first heap   total 262144K, used 100127K [0x0000000740000000, 0x0000000800000000)
  region size 1024K, 60 young (61440K), 8 survivors (8192K)
 Metaspace       used 51741K, capacity 52738K, committed 53072K, reserved 1095680K
  class space    used 5913K, capacity 6326K, committed 6400K, reserved 1048576K
}
Event: 24.777 GC heap after
{Heap after GC invocations=11 (full 0):
 garbage-first heap   total 262144K, used 50262K [0x0000000740000000, 0x0000000800000000)
  region size 1024K, 7 young (7168K), 7 survivors (7168K)
 Metaspace       used 51741K, capacity 52738K, committed 53072K, reserved 1095680K
  class space    used 5913K, capacity 6326K, committed 6400K, reserved 1048576K
}
Event: 28.294 GC heap before
{Heap before GC invocations=11 (full 0):
 garbage-first heap   total 262144K, used 103510K [0x0000000740000000, 0x0000000800000000)
  region size 1024K, 60 young (61440K), 7 survivors (7168K)
 Metaspace       used 57647K, capacity 58624K, committed 58832K, reserved 1101824K
  class space    used 7022K, capacity 7450K, committed 7552K, reserved 1048576K
}
Event: 28.310 GC heap after
{Heap after GC invocations=12 (full 0):
 garbage-first heap   total 262144K, used 54117K [0x0000000740000000, 0x0000000800000000)
  region size 1024K, 6 young (6144K), 6 survivors (6144K)
 Metaspace       used 57647K, capacity 58624K, committed 58832K, reserved 1101824K
  class space    used 7022K, capacity 7450K, committed 7552K, reserved 1048576K
}
Event: 37.847 GC heap before
{Heap before GC invocations=12 (full 0):
 garbage-first heap   total 262144K, used 122725K [0x0000000740000000, 0x0000000800000000)
  region size 1024K, 58 young (59392K), 6 survivors (6144K)
 Metaspace       used 61440K, capacity 62829K, committed 62928K, reserved 1103872K
  class space    used 7635K, capacity 8250K, committed 8320K, reserved 1048576K
}
Event: 37.931 GC heap after
{Heap after GC invocations=13 (full 1):
 garbage-first heap   total 262144K, used 66433K [0x0000000740000000, 0x0000000800000000)
  region size 1024K, 0 young (0K), 0 survivors (0K)
 Metaspace       used 61440K, capacity 62829K, committed 62928K, reserved 1103872K
  class space    used 7635K, capacity 8250K, committed 8320K, reserved 1048576K
}
Event: 48.452 GC heap before
{Heap before GC invocations=13 (full 1):
 garbage-first heap   total 262144K, used 73601K [0x0000000740000000, 0x0000000800000000)
  region size 1024K, 8 young (8192K), 0 survivors (0K)
 Metaspace       used 61766K, capacity 63210K, committed 63440K, reserved 1103872K
  class space    used 7649K, capacity 8290K, committed 8320K, reserved 1048576K
}
Event: 48.514 GC heap after
{Heap after GC invocations=14 (full 2):
 garbage-first heap   total 262144K, used 63998K [0x0000000740000000, 0x0000000800000000)
  region size 1024K, 0 young (0K), 0 survivors (0K)
 Metaspace       used 61766K, capacity 63210K, committed 63440K, reserved 1103872K
  class space    used 7649K, capacity 8290K, committed 8320K, reserved 1048576K
}

